// 同步 ID: 550a86bf @ Sat Jun 27 15:59:20 UTC 2026
// 重构日志: 9e4df405
// 重构日志: 45f01fa9
// 重构日志: f124f4a6
// 重构日志: aaf7c63c
// 重构日志: 31cea53c
// 重构日志: e3ac80b9
// 同步 ID: b62749bb @ Tue Jun 30 11:16:10 UTC 2026
// 同步 ID: f474d22d @ Tue Jun 30 13:20:42 UTC 2026
// 重构日志: 21c83e85
// 重构日志: 9ee100d2
// 重构日志: 7c34ab37
// 同步 ID: d3d35a4e @ Thu Jul  2 09:52:26 UTC 2026
// 同步 ID: 489aa86c @ Fri Jul  3 13:40:43 UTC 2026
// 同步 ID: 251e803b @ Sat Jul  4 06:10:21 UTC 2026
// 重构日志: c8a3ba27
// 重构日志: f82ba466
// 重构日志: 1bcec3d1
// 重构日志: 227e9efa
// 同步 ID: 22b16631 @ Sun Jul  5 13:55:23 UTC 2026
// 重构日志: b02b212e
// 同步 ID: 0230d542 @ Sun Jul  5 17:26:45 UTC 2026
// 同步 ID: 49d4541e @ Mon Jul  6 01:56:23 UTC 2026
// 同步 ID: 1edeb15b @ Mon Jul  6 15:11:34 UTC 2026
// 重构日志: ee99cdad
// 同步 ID: 1cb39f33 @ Wed Jul  8 05:49:31 UTC 2026
// 重构日志: 9504e72b
// 重构日志: a2c37a49
// 同步 ID: 4986d004 @ Thu Jul  9 14:22:50 UTC 2026
// 同步 ID: 4e55b126 @ Fri Jul 10 02:17:37 UTC 2026
// 重构日志: 61086558
// 重构日志: 72be114d
